<?xml version="1.0" encoding="UTF-8"?>
<!-- Generated by org.testng.reporters.JUnitReportReporter -->
<testsuite hostname="TejalShinde" failures="0" tests="1" name="testClass.CWAddCircularTest" time="44.601" errors="0" timestamp="2024-05-13T14:21:03 IST" skipped="0">
  <testcase classname="testClass.CWAddCircularTest" name="addCircular" time="44.601"/>
  <system-out/>
</testsuite> <!-- testClass.CWAddCircularTest -->
