<?xml version="1.0" encoding="UTF-8"?>
<!-- Generated by org.testng.reporters.JUnitReportReporter -->
<testsuite hostname="TejalShinde" failures="0" tests="1" name="testClass.CWAddBlockTest" time="41.941" errors="0" timestamp="2024-06-14T09:56:54 IST" skipped="0">
  <testcase classname="testClass.CWAddBlockTest" name="addBlocksTest" time="41.941"/>
  <system-out/>
</testsuite> <!-- testClass.CWAddBlockTest -->
