<?xml version="1.0" encoding="UTF-8"?>
<!-- Generated by org.testng.reporters.JUnitReportReporter -->
<testsuite hostname="TejalShinde" failures="0" tests="1" name="testClass.CWHallBookingAddHallTest" time="23.157" errors="0" timestamp="2024-05-03T14:45:15 IST" skipped="0">
  <testcase classname="testClass.CWHallBookingAddHallTest" name="addHall" time="23.157"/>
  <system-out/>
</testsuite> <!-- testClass.CWHallBookingAddHallTest -->
