<?xml version="1.0" encoding="UTF-8"?>
<!-- Generated by org.testng.reporters.JUnitReportReporter -->
<testsuite hostname="TejalShinde" failures="0" tests="1" name="testClass.CWAddEventTest" time="40.871" errors="0" timestamp="2024-05-13T10:02:15 IST" skipped="0">
  <testcase classname="testClass.CWAddEventTest" name="addEvent" time="40.871"/>
  <system-out/>
</testsuite> <!-- testClass.CWAddEventTest -->
