<?xml version="1.0" encoding="UTF-8"?>
<!-- Generated by org.testng.reporters.JUnitReportReporter -->
<testsuite hostname="TejalShinde" failures="0" tests="1" name="testClass.CWViewirculatTest" time="31.905" errors="0" timestamp="2024-05-16T11:07:05 IST" skipped="0">
  <testcase classname="testClass.CWViewirculatTest" name="viewCir" time="31.905"/>
  <system-out/>
</testsuite> <!-- testClass.CWViewirculatTest -->
