<?xml version="1.0" encoding="UTF-8"?>
<!-- Generated by org.testng.reporters.JUnitReportReporter -->
<testsuite hostname="TejalShinde" failures="0" tests="1" name="testClass.CWAddUserTest" time="19.075" errors="0" timestamp="2024-04-30T11:26:18 IST" skipped="0">
  <testcase classname="testClass.CWAddUserTest" name="addUser" time="19.075"/>
  <system-out/>
</testsuite> <!-- testClass.CWAddUserTest -->
