<?xml version="1.0" encoding="UTF-8"?>
<!-- Generated by org.testng.reporters.JUnitReportReporter -->
<testsuite hostname="TejalShinde" failures="0" tests="1" name="testClass.MYLOGINTEST" time="22.757" errors="0" timestamp="2024-05-15T16:46:11 IST" skipped="0">
  <testcase classname="testClass.MYLOGINTEST" name="login1" time="22.757"/>
  <system-out/>
</testsuite> <!-- testClass.MYLOGINTEST -->
